  Block.cpp
c:\users\ben\source\repos\tetris\tetris\block.cpp(39): warning C4244: 'argument': conversion from 'T' to 'T', possible loss of data
          with
          [
              T=float
          ]
          and
          [
              T=int
          ]
c:\users\ben\source\repos\tetris\tetris\block.cpp(38): warning C4244: 'argument': conversion from 'T' to 'T', possible loss of data
          with
          [
              T=float
          ]
          and
          [
              T=int
          ]
c:\users\ben\source\repos\tetris\tetris\block.cpp(48): warning C4244: 'argument': conversion from 'T' to 'T', possible loss of data
          with
          [
              T=float
          ]
          and
          [
              T=int
          ]
c:\users\ben\source\repos\tetris\tetris\block.cpp(47): warning C4244: 'argument': conversion from 'T' to 'T', possible loss of data
          with
          [
              T=float
          ]
          and
          [
              T=int
          ]
c:\users\ben\source\repos\tetris\tetris\block.cpp(56): warning C4244: 'argument': conversion from 'T' to 'T', possible loss of data
          with
          [
              T=float
          ]
          and
          [
              T=int
          ]
c:\users\ben\source\repos\tetris\tetris\block.cpp(112): warning C4244: 'argument': conversion from 'int' to 'float', possible loss of data
c:\users\ben\source\repos\tetris\tetris\block.cpp(113): warning C4244: 'argument': conversion from 'int' to 'float', possible loss of data
  Tetris.vcxproj -> C:\Users\Ben\source\repos\Tetris\Debug\Tetris.exe
